{"D:\\10Pearls Internship\\NotesApp\\cohort-9-mern-12302-ahmad\\backend\\src\\app.js":{"path":"D:\\10Pearls Internship\\NotesApp\\cohort-9-mern-12302-ahmad\\backend\\src\\app.js","statementMap":{"0":{"start":{"line":1,"column":16},"end":{"line":1,"column":34}},"1":{"start":{"line":2,"column":13},"end":{"line":2,"column":28}},"2":{"start":{"line":3,"column":13},"end":{"line":3,"column":28}},"3":{"start":{"line":4,"column":15},"end":{"line":4,"column":32}},"4":{"start":{"line":5,"column":22},"end":{"line":5,"column":59}},"5":{"start":{"line":6,"column":21},"end":{"line":6,"column":57}},"6":{"start":{"line":7,"column":15},"end":{"line":7,"column":34}},"7":{"start":{"line":8,"column":17},"end":{"line":8,"column":44}},"8":{"start":{"line":9,"column":17},"end":{"line":9,"column":36}},"9":{"start":{"line":10,"column":20},"end":{"line":10,"column":58}},"10":{"start":{"line":12,"column":12},"end":{"line":12,"column":21}},"11":{"start":{"line":15,"column":0},"end":{"line":15,"column":75}},"12":{"start":{"line":18,"column":0},"end":{"line":18,"column":16}},"13":{"start":{"line":21,"column":0},"end":{"line":21,"column":24}},"14":{"start":{"line":22,"column":0},"end":{"line":22,"column":48}},"15":{"start":{"line":25,"column":0},"end":{"line":25,"column":23}},"16":{"start":{"line":28,"column":0},"end":{"line":39,"column":3}},"17":{"start":{"line":29,"column":2},"end":{"line":38,"column":3}},"18":{"start":{"line":30,"column":21},"end":{"line":30,"column":55}},"19":{"start":{"line":31,"column":21},"end":{"line":31,"column":49}},"20":{"start":{"line":32,"column":17},"end":{"line":32,"column":93}},"21":{"start":{"line":33,"column":4},"end":{"line":33,"column":65}},"22":{"start":{"line":33,"column":15},"end":{"line":33,"column":65}},"23":{"start":{"line":34,"column":4},"end":{"line":34,"column":51}},"24":{"start":{"line":34,"column":25},"end":{"line":34,"column":51}},"25":{"start":{"line":35,"column":4},"end":{"line":35,"column":82}},"26":{"start":{"line":37,"column":4},"end":{"line":37,"column":23}},"27":{"start":{"line":42,"column":0},"end":{"line":42,"column":24}},"28":{"start":{"line":45,"column":0},"end":{"line":50,"column":3}},"29":{"start":{"line":46,"column":2},"end":{"line":49,"column":5}},"30":{"start":{"line":53,"column":0},"end":{"line":55,"column":3}},"31":{"start":{"line":54,"column":2},"end":{"line":54,"column":75}},"32":{"start":{"line":58,"column":0},"end":{"line":58,"column":22}},"33":{"start":{"line":60,"column":0},"end":{"line":60,"column":21}}},"fnMap":{"0":{"name":"(anonymous_0)","decl":{"start":{"line":28,"column":45},"end":{"line":28,"column":46}},"loc":{"start":{"line":28,"column":71},"end":{"line":39,"column":1}},"line":28},"1":{"name":"(anonymous_1)","decl":{"start":{"line":45,"column":13},"end":{"line":45,"column":14}},"loc":{"start":{"line":45,"column":27},"end":{"line":50,"column":1}},"line":45},"2":{"name":"(anonymous_2)","decl":{"start":{"line":53,"column":13},"end":{"line":53,"column":14}},"loc":{"start":{"line":53,"column":33},"end":{"line":55,"column":1}},"line":53}},"branchMap":{"0":{"loc":{"start":{"line":33,"column":4},"end":{"line":33,"column":65}},"type":"if","locations":[{"start":{"line":33,"column":4},"end":{"line":33,"column":65}},{"start":{},"end":{}}],"line":33},"1":{"loc":{"start":{"line":34,"column":4},"end":{"line":34,"column":51}},"type":"if","locations":[{"start":{"line":34,"column":4},"end":{"line":34,"column":51}},{"start":{},"end":{}}],"line":34}},"s":{"0":0,"1":0,"2":0,"3":0,"4":0,"5":0,"6":0,"7":0,"8":0,"9":0,"10":0,"11":0,"12":0,"13":0,"14":0,"15":0,"16":0,"17":0,"18":0,"19":0,"20":0,"21":0,"22":0,"23":0,"24":0,"25":0,"26":0,"27":0,"28":0,"29":0,"30":0,"31":0,"32":0,"33":0},"f":{"0":0,"1":0,"2":0},"b":{"0":[0,0],"1":[0,0]},"all":true},"D:\\10Pearls Internship\\NotesApp\\cohort-9-mern-12302-ahmad\\backend\\src\\utils\\generateToken.js":{"path":"D:\\10Pearls Internship\\NotesApp\\cohort-9-mern-12302-ahmad\\backend\\src\\utils\\generateToken.js","statementMap":{"0":{"start":{"line":1,"column":12},"end":{"line":1,"column":35}},"1":{"start":{"line":3,"column":22},"end":{"line":12,"column":1}},"2":{"start":{"line":4,"column":18},"end":{"line":6,"column":3}},"3":{"start":{"line":8,"column":17},"end":{"line":8,"column":39}},"4":{"start":{"line":9,"column":20},"end":{"line":9,"column":54}},"5":{"start":{"line":11,"column":2},"end":{"line":11,"column":50}},"6":{"start":{"line":14,"column":0},"end":{"line":14,"column":31}}},"fnMap":{"0":{"name":"(anonymous_0)","decl":{"start":{"line":3,"column":22},"end":{"line":3,"column":23}},"loc":{"start":{"line":3,"column":32},"end":{"line":12,"column":1}},"line":3}},"branchMap":{"0":{"loc":{"start":{"line":9,"column":20},"end":{"line":9,"column":54}},"type":"binary-expr","locations":[{"start":{"line":9,"column":20},"end":{"line":9,"column":46}},{"start":{"line":9,"column":50},"end":{"line":9,"column":54}}],"line":9}},"s":{"0":0,"1":0,"2":0,"3":0,"4":0,"5":0,"6":0},"f":{"0":0},"b":{"0":[0,0]},"all":true},"D:\\10Pearls Internship\\NotesApp\\cohort-9-mern-12302-ahmad\\backend\\src\\utils\\AppError.js":{"path":"D:\\10Pearls Internship\\NotesApp\\cohort-9-mern-12302-ahmad\\backend\\src\\utils\\AppError.js","statementMap":{"0":{"start":{"line":3,"column":4},"end":{"line":3,"column":19}},"1":{"start":{"line":5,"column":4},"end":{"line":5,"column":33}},"2":{"start":{"line":6,"column":4},"end":{"line":6,"column":69}},"3":{"start":{"line":7,"column":4},"end":{"line":7,"column":30}},"4":{"start":{"line":9,"column":4},"end":{"line":9,"column":52}},"5":{"start":{"line":13,"column":0},"end":{"line":13,"column":26}}},"fnMap":{"0":{"name":"(anonymous_0)","decl":{"start":{"line":2,"column":2},"end":{"line":2,"column":3}},"loc":{"start":{"line":2,"column":35},"end":{"line":10,"column":3}},"line":2}},"branchMap":{"0":{"loc":{"start":{"line":6,"column":18},"end":{"line":6,"column":68}},"type":"cond-expr","locations":[{"start":{"line":6,"column":52},"end":{"line":6,"column":58}},{"start":{"line":6,"column":61},"end":{"line":6,"column":68}}],"line":6}},"s":{"0":0,"1":0,"2":0,"3":0,"4":0,"5":0},"f":{"0":0},"b":{"0":[0,0]},"all":true},"D:\\10Pearls Internship\\NotesApp\\cohort-9-mern-12302-ahmad\\backend\\src\\models\\User.js":{"path":"D:\\10Pearls Internship\\NotesApp\\cohort-9-mern-12302-ahmad\\backend\\src\\models\\User.js","statementMap":{"0":{"start":{"line":1,"column":22},"end":{"line":1,"column":42}},"1":{"start":{"line":2,"column":15},"end":{"line":2,"column":34}},"2":{"start":{"line":3,"column":22},"end":{"line":3,"column":45}},"3":{"start":{"line":5,"column":25},"end":{"line":14,"column":1}},"4":{"start":{"line":6,"column":2},"end":{"line":13,"column":3}},"5":{"start":{"line":7,"column":4},"end":{"line":12,"column":5}},"6":{"start":{"line":8,"column":19},"end":{"line":8,"column":43}},"7":{"start":{"line":9,"column":6},"end":{"line":9,"column":61}},"8":{"start":{"line":11,"column":6},"end":{"line":11,"column":49}},"9":{"start":{"line":16,"column":13},"end":{"line":51,"column":1}},"10":{"start":{"line":53,"column":0},"end":{"line":59,"column":2}},"11":{"start":{"line":54,"column":2},"end":{"line":58,"column":3}},"12":{"start":{"line":55,"column":4},"end":{"line":55,"column":66}},"13":{"start":{"line":57,"column":4},"end":{"line":57,"column":50}},"14":{"start":{"line":61,"column":0},"end":{"line":61,"column":22}}},"fnMap":{"0":{"name":"(anonymous_0)","decl":{"start":{"line":5,"column":25},"end":{"line":5,"column":26}},"loc":{"start":{"line":5,"column":41},"end":{"line":14,"column":1}},"line":5},"1":{"name":"(anonymous_1)","decl":{"start":{"line":53,"column":33},"end":{"line":53,"column":34}},"loc":{"start":{"line":53,"column":68},"end":{"line":59,"column":1}},"line":53}},"branchMap":{"0":{"loc":{"start":{"line":6,"column":2},"end":{"line":13,"column":3}},"type":"if","locations":[{"start":{"line":6,"column":2},"end":{"line":13,"column":3}},{"start":{},"end":{}}],"line":6}},"s":{"0":0,"1":0,"2":0,"3":0,"4":0,"5":0,"6":0,"7":0,"8":0,"9":0,"10":0,"11":0,"12":0,"13":0,"14":0},"f":{"0":0,"1":0},"b":{"0":[0,0]},"all":true},"D:\\10Pearls Internship\\NotesApp\\cohort-9-mern-12302-ahmad\\backend\\src\\models\\Task.js":{"path":"D:\\10Pearls Internship\\NotesApp\\cohort-9-mern-12302-ahmad\\backend\\src\\models\\Task.js","statementMap":{"0":{"start":{"line":1,"column":22},"end":{"line":1,"column":42}},"1":{"start":{"line":2,"column":22},"end":{"line":2,"column":45}},"2":{"start":{"line":4,"column":13},"end":{"line":36,"column":1}},"3":{"start":{"line":38,"column":0},"end":{"line":38,"column":22}}},"fnMap":{},"branchMap":{},"s":{"0":0,"1":0,"2":0,"3":0},"f":{},"b":{},"all":true},"D:\\10Pearls Internship\\NotesApp\\cohort-9-mern-12302-ahmad\\backend\\src\\models\\Note.js":{"path":"D:\\10Pearls Internship\\NotesApp\\cohort-9-mern-12302-ahmad\\backend\\src\\models\\Note.js","statementMap":{"0":{"start":{"line":1,"column":22},"end":{"line":1,"column":42}},"1":{"start":{"line":2,"column":22},"end":{"line":2,"column":45}},"2":{"start":{"line":4,"column":13},"end":{"line":52,"column":1}},"3":{"start":{"line":54,"column":0},"end":{"line":54,"column":22}}},"fnMap":{},"branchMap":{},"s":{"0":0,"1":0,"2":0,"3":0},"f":{},"b":{},"all":true},"D:\\10Pearls Internship\\NotesApp\\cohort-9-mern-12302-ahmad\\backend\\src\\models\\index.js":{"path":"D:\\10Pearls Internship\\NotesApp\\cohort-9-mern-12302-ahmad\\backend\\src\\models\\index.js","statementMap":{"0":{"start":{"line":1,"column":22},"end":{"line":1,"column":45}},"1":{"start":{"line":2,"column":13},"end":{"line":2,"column":30}},"2":{"start":{"line":3,"column":13},"end":{"line":3,"column":30}},"3":{"start":{"line":4,"column":13},"end":{"line":4,"column":30}},"4":{"start":{"line":7,"column":0},"end":{"line":11,"column":3}},"5":{"start":{"line":13,"column":0},"end":{"line":16,"column":3}},"6":{"start":{"line":19,"column":0},"end":{"line":23,"column":3}},"7":{"start":{"line":25,"column":0},"end":{"line":28,"column":3}},"8":{"start":{"line":30,"column":0},"end":{"line":35,"column":2}}},"fnMap":{},"branchMap":{},"s":{"0":0,"1":0,"2":0,"3":0,"4":0,"5":0,"6":0,"7":0,"8":0},"f":{},"b":{},"all":true},"D:\\10Pearls Internship\\NotesApp\\cohort-9-mern-12302-ahmad\\backend\\src\\middleware\\upload.js":{"path":"D:\\10Pearls Internship\\NotesApp\\cohort-9-mern-12302-ahmad\\backend\\src\\middleware\\upload.js","statementMap":{"0":{"start":{"line":1,"column":15},"end":{"line":1,"column":32}},"1":{"start":{"line":2,"column":13},"end":{"line":2,"column":28}},"2":{"start":{"line":3,"column":11},"end":{"line":3,"column":24}},"3":{"start":{"line":4,"column":17},"end":{"line":4,"column":45}},"4":{"start":{"line":6,"column":18},"end":{"line":6,"column":70}},"5":{"start":{"line":8,"column":0},"end":{"line":10,"column":1}},"6":{"start":{"line":9,"column":2},"end":{"line":9,"column":47}},"7":{"start":{"line":12,"column":16},"end":{"line":12,"column":38}},"8":{"start":{"line":14,"column":25},"end":{"line":23,"column":1}},"9":{"start":{"line":25,"column":19},"end":{"line":27,"column":1}},"10":{"start":{"line":26,"column":2},"end":{"line":26,"column":17}},"11":{"start":{"line":29,"column":19},"end":{"line":38,"column":1}},"12":{"start":{"line":30,"column":59},"end":{"line":30,"column":106}},"13":{"start":{"line":31,"column":58},"end":{"line":31,"column":143}},"14":{"start":{"line":32,"column":58},"end":{"line":32,"column":98}},"15":{"start":{"line":33,"column":60},"end":{"line":33,"column":140}},"16":{"start":{"line":34,"column":60},"end":{"line":34,"column":140}},"17":{"start":{"line":35,"column":58},"end":{"line":35,"column":98}},"18":{"start":{"line":36,"column":58},"end":{"line":36,"column":98}},"19":{"start":{"line":37,"column":58},"end":{"line":37,"column":98}},"20":{"start":{"line":40,"column":25},"end":{"line":64,"column":1}},"21":{"start":{"line":41,"column":2},"end":{"line":41,"column":31}},"22":{"start":{"line":41,"column":17},"end":{"line":41,"column":31}},"23":{"start":{"line":42,"column":20},"end":{"line":42,"column":83}},"24":{"start":{"line":42,"column":51},"end":{"line":42,"column":82}},"25":{"start":{"line":43,"column":2},"end":{"line":47,"column":3}},"26":{"start":{"line":46,"column":4},"end":{"line":46,"column":73}},"27":{"start":{"line":50,"column":21},"end":{"line":50,"column":35}},"28":{"start":{"line":51,"column":2},"end":{"line":54,"column":3}},"29":{"start":{"line":52,"column":4},"end":{"line":53,"column":68}},"30":{"start":{"line":52,"column":35},"end":{"line":52,"column":63}},"31":{"start":{"line":53,"column":9},"end":{"line":53,"column":68}},"32":{"start":{"line":53,"column":40},"end":{"line":53,"column":68}},"33":{"start":{"line":56,"column":23},"end":{"line":56,"column":73}},"34":{"start":{"line":57,"column":2},"end":{"line":57,"column":63}},"35":{"start":{"line":58,"column":2},"end":{"line":58,"column":35}},"36":{"start":{"line":59,"column":2},"end":{"line":63,"column":5}},"37":{"start":{"line":60,"column":4},"end":{"line":60,"column":34}},"38":{"start":{"line":60,"column":15},"end":{"line":60,"column":34}},"39":{"start":{"line":61,"column":4},"end":{"line":61,"column":27}},"40":{"start":{"line":62,"column":4},"end":{"line":62,"column":11}},"41":{"start":{"line":66,"column":15},"end":{"line":72,"column":2}},"42":{"start":{"line":74,"column":27},"end":{"line":87,"column":1}},"43":{"start":{"line":74,"column":49},"end":{"line":87,"column":1}},"44":{"start":{"line":75,"column":2},"end":{"line":86,"column":5}},"45":{"start":{"line":76,"column":4},"end":{"line":81,"column":5}},"46":{"start":{"line":77,"column":6},"end":{"line":79,"column":7}},"47":{"start":{"line":78,"column":8},"end":{"line":78,"column":83}},"48":{"start":{"line":80,"column":6},"end":{"line":80,"column":50}},"49":{"start":{"line":82,"column":4},"end":{"line":84,"column":5}},"50":{"start":{"line":83,"column":6},"end":{"line":83,"column":23}},"51":{"start":{"line":85,"column":4},"end":{"line":85,"column":37}},"52":{"start":{"line":89,"column":0},"end":{"line":91,"column":2}},"53":{"start":{"line":90,"column":21},"end":{"line":90,"column":61}}},"fnMap":{"0":{"name":"(anonymous_0)","decl":{"start":{"line":25,"column":19},"end":{"line":25,"column":20}},"loc":{"start":{"line":25,"column":38},"end":{"line":27,"column":1}},"line":25},"1":{"name":"(anonymous_1)","decl":{"start":{"line":30,"column":48},"end":{"line":30,"column":49}},"loc":{"start":{"line":30,"column":59},"end":{"line":30,"column":106}},"line":30},"2":{"name":"(anonymous_2)","decl":{"start":{"line":31,"column":47},"end":{"line":31,"column":48}},"loc":{"start":{"line":31,"column":58},"end":{"line":31,"column":143}},"line":31},"3":{"name":"(anonymous_3)","decl":{"start":{"line":32,"column":47},"end":{"line":32,"column":48}},"loc":{"start":{"line":32,"column":58},"end":{"line":32,"column":98}},"line":32},"4":{"name":"(anonymous_4)","decl":{"start":{"line":33,"column":49},"end":{"line":33,"column":50}},"loc":{"start":{"line":33,"column":60},"end":{"line":33,"column":140}},"line":33},"5":{"name":"(anonymous_5)","decl":{"start":{"line":34,"column":49},"end":{"line":34,"column":50}},"loc":{"start":{"line":34,"column":60},"end":{"line":34,"column":140}},"line":34},"6":{"name":"(anonymous_6)","decl":{"start":{"line":35,"column":47},"end":{"line":35,"column":48}},"loc":{"start":{"line":35,"column":58},"end":{"line":35,"column":98}},"line":35},"7":{"name":"(anonymous_7)","decl":{"start":{"line":36,"column":47},"end":{"line":36,"column":48}},"loc":{"start":{"line":36,"column":58},"end":{"line":36,"column":98}},"line":36},"8":{"name":"(anonymous_8)","decl":{"start":{"line":37,"column":47},"end":{"line":37,"column":48}},"loc":{"start":{"line":37,"column":58},"end":{"line":37,"column":98}},"line":37},"9":{"name":"(anonymous_9)","decl":{"start":{"line":40,"column":25},"end":{"line":40,"column":26}},"loc":{"start":{"line":40,"column":45},"end":{"line":64,"column":1}},"line":40},"10":{"name":"(anonymous_10)","decl":{"start":{"line":42,"column":36},"end":{"line":42,"column":37}},"loc":{"start":{"line":42,"column":51},"end":{"line":42,"column":82}},"line":42},"11":{"name":"(anonymous_11)","decl":{"start":{"line":59,"column":73},"end":{"line":59,"column":74}},"loc":{"start":{"line":59,"column":84},"end":{"line":63,"column":3}},"line":59},"12":{"name":"(anonymous_12)","decl":{"start":{"line":74,"column":27},"end":{"line":74,"column":28}},"loc":{"start":{"line":74,"column":49},"end":{"line":87,"column":1}},"line":74},"13":{"name":"(anonymous_13)","decl":{"start":{"line":74,"column":49},"end":{"line":74,"column":50}},"loc":{"start":{"line":74,"column":69},"end":{"line":87,"column":1}},"line":74},"14":{"name":"(anonymous_14)","decl":{"start":{"line":75,"column":29},"end":{"line":75,"column":30}},"loc":{"start":{"line":75,"column":38},"end":{"line":86,"column":3}},"line":75},"15":{"name":"(anonymous_15)","decl":{"start":{"line":90,"column":10},"end":{"line":90,"column":11}},"loc":{"start":{"line":90,"column":21},"end":{"line":90,"column":61}},"line":90}},"branchMap":{"0":{"loc":{"start":{"line":8,"column":0},"end":{"line":10,"column":1}},"type":"if","locations":[{"start":{"line":8,"column":0},"end":{"line":10,"column":1}},{"start":{},"end":{}}],"line":8},"1":{"loc":{"start":{"line":30,"column":59},"end":{"line":30,"column":106}},"type":"binary-expr","locations":[{"start":{"line":30,"column":59},"end":{"line":30,"column":76}},{"start":{"line":30,"column":80},"end":{"line":30,"column":106}}],"line":30},"2":{"loc":{"start":{"line":31,"column":58},"end":{"line":31,"column":143}},"type":"binary-expr","locations":[{"start":{"line":31,"column":58},"end":{"line":31,"column":98}},{"start":{"line":31,"column":102},"end":{"line":31,"column":143}}],"line":31},"3":{"loc":{"start":{"line":33,"column":60},"end":{"line":33,"column":140}},"type":"binary-expr","locations":[{"start":{"line":33,"column":60},"end":{"line":33,"column":77}},{"start":{"line":33,"column":81},"end":{"line":33,"column":98}},{"start":{"line":33,"column":102},"end":{"line":33,"column":119}},{"start":{"line":33,"column":123},"end":{"line":33,"column":140}}],"line":33},"4":{"loc":{"start":{"line":34,"column":60},"end":{"line":34,"column":140}},"type":"binary-expr","locations":[{"start":{"line":34,"column":60},"end":{"line":34,"column":77}},{"start":{"line":34,"column":81},"end":{"line":34,"column":98}},{"start":{"line":34,"column":102},"end":{"line":34,"column":119}},{"start":{"line":34,"column":123},"end":{"line":34,"column":140}}],"line":34},"5":{"loc":{"start":{"line":41,"column":2},"end":{"line":41,"column":31}},"type":"if","locations":[{"start":{"line":41,"column":2},"end":{"line":41,"column":31}},{"start":{},"end":{}}],"line":41},"6":{"loc":{"start":{"line":43,"column":2},"end":{"line":47,"column":3}},"type":"if","locations":[{"start":{"line":43,"column":2},"end":{"line":47,"column":3}},{"start":{},"end":{}}],"line":43},"7":{"loc":{"start":{"line":43,"column":6},"end":{"line":45,"column":80}},"type":"binary-expr","locations":[{"start":{"line":43,"column":6},"end":{"line":43,"column":16}},{"start":{"line":43,"column":20},"end":{"line":43,"column":62}},{"start":{"line":44,"column":7},"end":{"line":44,"column":43}},{"start":{"line":44,"column":47},"end":{"line":44,"column":119}},{"start":{"line":45,"column":7},"end":{"line":45,"column":79}}],"line":43},"8":{"loc":{"start":{"line":44,"column":49},"end":{"line":44,"column":118}},"type":"binary-expr","locations":[{"start":{"line":44,"column":49},"end":{"line":44,"column":80}},{"start":{"line":44,"column":84},"end":{"line":44,"column":118}}],"line":44},"9":{"loc":{"start":{"line":45,"column":9},"end":{"line":45,"column":78}},"type":"binary-expr","locations":[{"start":{"line":45,"column":9},"end":{"line":45,"column":40}},{"start":{"line":45,"column":44},"end":{"line":45,"column":78}}],"line":45},"10":{"loc":{"start":{"line":51,"column":2},"end":{"line":54,"column":3}},"type":"if","locations":[{"start":{"line":51,"column":2},"end":{"line":54,"column":3}},{"start":{},"end":{}}],"line":51},"11":{"loc":{"start":{"line":52,"column":4},"end":{"line":53,"column":68}},"type":"if","locations":[{"start":{"line":52,"column":4},"end":{"line":53,"column":68}},{"start":{"line":53,"column":9},"end":{"line":53,"column":68}}],"line":52},"12":{"loc":{"start":{"line":53,"column":9},"end":{"line":53,"column":68}},"type":"if","locations":[{"start":{"line":53,"column":9},"end":{"line":53,"column":68}},{"start":{},"end":{}}],"line":53},"13":{"loc":{"start":{"line":60,"column":4},"end":{"line":60,"column":34}},"type":"if","locations":[{"start":{"line":60,"column":4},"end":{"line":60,"column":34}},{"start":{},"end":{}}],"line":60},"14":{"loc":{"start":{"line":76,"column":4},"end":{"line":81,"column":5}},"type":"if","locations":[{"start":{"line":76,"column":4},"end":{"line":81,"column":5}},{"start":{},"end":{}}],"line":76},"15":{"loc":{"start":{"line":77,"column":6},"end":{"line":79,"column":7}},"type":"if","locations":[{"start":{"line":77,"column":6},"end":{"line":79,"column":7}},{"start":{},"end":{}}],"line":77},"16":{"loc":{"start":{"line":82,"column":4},"end":{"line":84,"column":5}},"type":"if","locations":[{"start":{"line":82,"column":4},"end":{"line":84,"column":5}},{"start":{},"end":{}}],"line":82}},"s":{"0":0,"1":0,"2":0,"3":0,"4":0,"5":0,"6":0,"7":0,"8":0,"9":0,"10":0,"11":0,"12":0,"13":0,"14":0,"15":0,"16":0,"17":0,"18":0,"19":0,"20":0,"21":0,"22":0,"23":0,"24":0,"25":0,"26":0,"27":0,"28":0,"29":0,"30":0,"31":0,"32":0,"33":0,"34":0,"35":0,"36":0,"37":0,"38":0,"39":0,"40":0,"41":0,"42":0,"43":0,"44":0,"45":0,"46":0,"47":0,"48":0,"49":0,"50":0,"51":0,"52":0,"53":0},"f":{"0":0,"1":0,"2":0,"3":0,"4":0,"5":0,"6":0,"7":0,"8":0,"9":0,"10":0,"11":0,"12":0,"13":0,"14":0,"15":0},"b":{"0":[0,0],"1":[0,0],"2":[0,0],"3":[0,0,0,0],"4":[0,0,0,0],"5":[0,0],"6":[0,0],"7":[0,0,0,0,0],"8":[0,0],"9":[0,0],"10":[0,0],"11":[0,0],"12":[0,0],"13":[0,0],"14":[0,0],"15":[0,0],"16":[0,0]},"all":true},"D:\\10Pearls Internship\\NotesApp\\cohort-9-mern-12302-ahmad\\backend\\src\\middleware\\requestLogger.js":{"path":"D:\\10Pearls Internship\\NotesApp\\cohort-9-mern-12302-ahmad\\backend\\src\\middleware\\requestLogger.js","statementMap":{"0":{"start":{"line":1,"column":17},"end":{"line":1,"column":37}},"1":{"start":{"line":2,"column":15},"end":{"line":2,"column":42}},"2":{"start":{"line":4,"column":22},"end":{"line":21,"column":2}},"3":{"start":{"line":7,"column":4},"end":{"line":9,"column":5}},"4":{"start":{"line":8,"column":6},"end":{"line":8,"column":21}},"5":{"start":{"line":10,"column":4},"end":{"line":12,"column":5}},"6":{"start":{"line":11,"column":6},"end":{"line":11,"column":20}},"7":{"start":{"line":13,"column":4},"end":{"line":13,"column":18}},"8":{"start":{"line":16,"column":4},"end":{"line":16,"column":78}},"9":{"start":{"line":19,"column":4},"end":{"line":19,"column":91}},"10":{"start":{"line":23,"column":0},"end":{"line":23,"column":31}}},"fnMap":{"0":{"name":"(anonymous_0)","decl":{"start":{"line":6,"column":18},"end":{"line":6,"column":19}},"loc":{"start":{"line":6,"column":37},"end":{"line":14,"column":3}},"line":6},"1":{"name":"(anonymous_1)","decl":{"start":{"line":15,"column":24},"end":{"line":15,"column":25}},"loc":{"start":{"line":15,"column":38},"end":{"line":17,"column":3}},"line":15},"2":{"name":"(anonymous_2)","decl":{"start":{"line":18,"column":22},"end":{"line":18,"column":23}},"loc":{"start":{"line":18,"column":41},"end":{"line":20,"column":3}},"line":18}},"branchMap":{"0":{"loc":{"start":{"line":7,"column":4},"end":{"line":9,"column":5}},"type":"if","locations":[{"start":{"line":7,"column":4},"end":{"line":9,"column":5}},{"start":{},"end":{}}],"line":7},"1":{"loc":{"start":{"line":7,"column":8},"end":{"line":7,"column":36}},"type":"binary-expr","locations":[{"start":{"line":7,"column":8},"end":{"line":7,"column":29}},{"start":{"line":7,"column":33},"end":{"line":7,"column":36}}],"line":7},"2":{"loc":{"start":{"line":10,"column":4},"end":{"line":12,"column":5}},"type":"if","locations":[{"start":{"line":10,"column":4},"end":{"line":12,"column":5}},{"start":{},"end":{}}],"line":10}},"s":{"0":0,"1":0,"2":0,"3":0,"4":0,"5":0,"6":0,"7":0,"8":0,"9":0,"10":0},"f":{"0":0,"1":0,"2":0},"b":{"0":[0,0],"1":[0,0],"2":[0,0]},"all":true},"D:\\10Pearls Internship\\NotesApp\\cohort-9-mern-12302-ahmad\\backend\\src\\middleware\\errorHandler.js":{"path":"D:\\10Pearls Internship\\NotesApp\\cohort-9-mern-12302-ahmad\\backend\\src\\middleware\\errorHandler.js","statementMap":{"0":{"start":{"line":1,"column":15},"end":{"line":1,"column":42}},"1":{"start":{"line":3,"column":21},"end":{"line":28,"column":1}},"2":{"start":{"line":4,"column":2},"end":{"line":4,"column":41}},"3":{"start":{"line":5,"column":2},"end":{"line":5,"column":37}},"4":{"start":{"line":7,"column":2},"end":{"line":13,"column":55}},"5":{"start":{"line":15,"column":18},"end":{"line":15,"column":75}},"6":{"start":{"line":17,"column":19},"end":{"line":21,"column":3}},"7":{"start":{"line":23,"column":2},"end":{"line":25,"column":3}},"8":{"start":{"line":24,"column":4},"end":{"line":24,"column":31}},"9":{"start":{"line":27,"column":2},"end":{"line":27,"column":44}},"10":{"start":{"line":30,"column":0},"end":{"line":30,"column":30}}},"fnMap":{"0":{"name":"(anonymous_0)","decl":{"start":{"line":3,"column":21},"end":{"line":3,"column":22}},"loc":{"start":{"line":3,"column":46},"end":{"line":28,"column":1}},"line":3}},"branchMap":{"0":{"loc":{"start":{"line":4,"column":19},"end":{"line":4,"column":40}},"type":"binary-expr","locations":[{"start":{"line":4,"column":19},"end":{"line":4,"column":33}},{"start":{"line":4,"column":37},"end":{"line":4,"column":40}}],"line":4},"1":{"loc":{"start":{"line":5,"column":15},"end":{"line":5,"column":36}},"type":"binary-expr","locations":[{"start":{"line":5,"column":15},"end":{"line":5,"column":25}},{"start":{"line":5,"column":29},"end":{"line":5,"column":36}}],"line":5},"2":{"loc":{"start":{"line":12,"column":11},"end":{"line":12,"column":73}},"type":"cond-expr","locations":[{"start":{"line":12,"column":52},"end":{"line":12,"column":61}},{"start":{"line":12,"column":64},"end":{"line":12,"column":73}}],"line":12},"3":{"loc":{"start":{"line":15,"column":18},"end":{"line":15,"column":75}},"type":"cond-expr","locations":[{"start":{"line":15,"column":38},"end":{"line":15,"column":49}},{"start":{"line":15,"column":52},"end":{"line":15,"column":75}}],"line":15},"4":{"loc":{"start":{"line":23,"column":2},"end":{"line":25,"column":3}},"type":"if","locations":[{"start":{"line":23,"column":2},"end":{"line":25,"column":3}},{"start":{},"end":{}}],"line":23},"5":{"loc":{"start":{"line":23,"column":6},"end":{"line":23,"column":57}},"type":"binary-expr","locations":[{"start":{"line":23,"column":6},"end":{"line":23,"column":44}},{"start":{"line":23,"column":48},"end":{"line":23,"column":57}}],"line":23}},"s":{"0":0,"1":0,"2":0,"3":0,"4":0,"5":0,"6":0,"7":0,"8":0,"9":0,"10":0},"f":{"0":0},"b":{"0":[0,0],"1":[0,0],"2":[0,0],"3":[0,0],"4":[0,0],"5":[0,0]},"all":true},"D:\\10Pearls Internship\\NotesApp\\cohort-9-mern-12302-ahmad\\backend\\src\\middleware\\authMiddleware.js":{"path":"D:\\10Pearls Internship\\NotesApp\\cohort-9-mern-12302-ahmad\\backend\\src\\middleware\\authMiddleware.js","statementMap":{"0":{"start":{"line":1,"column":12},"end":{"line":1,"column":35}},"1":{"start":{"line":2,"column":17},"end":{"line":2,"column":45}},"2":{"start":{"line":3,"column":17},"end":{"line":3,"column":37}},"3":{"start":{"line":4,"column":15},"end":{"line":4,"column":42}},"4":{"start":{"line":6,"column":16},"end":{"line":38,"column":1}},"5":{"start":{"line":7,"column":2},"end":{"line":37,"column":3}},"6":{"start":{"line":10,"column":4},"end":{"line":12,"column":5}},"7":{"start":{"line":11,"column":6},"end":{"line":11,"column":54}},"8":{"start":{"line":14,"column":4},"end":{"line":16,"column":5}},"9":{"start":{"line":15,"column":6},"end":{"line":15,"column":81}},"10":{"start":{"line":18,"column":19},"end":{"line":18,"column":41}},"11":{"start":{"line":19,"column":20},"end":{"line":19,"column":45}},"12":{"start":{"line":21,"column":17},"end":{"line":23,"column":6}},"13":{"start":{"line":25,"column":4},"end":{"line":27,"column":5}},"14":{"start":{"line":26,"column":6},"end":{"line":26,"column":86}},"15":{"start":{"line":29,"column":4},"end":{"line":29,"column":20}},"16":{"start":{"line":30,"column":4},"end":{"line":30,"column":11}},"17":{"start":{"line":32,"column":4},"end":{"line":32,"column":84}},"18":{"start":{"line":33,"column":4},"end":{"line":35,"column":5}},"19":{"start":{"line":34,"column":6},"end":{"line":34,"column":65}},"20":{"start":{"line":36,"column":4},"end":{"line":36,"column":16}},"21":{"start":{"line":40,"column":0},"end":{"line":42,"column":2}}},"fnMap":{"0":{"name":"(anonymous_0)","decl":{"start":{"line":6,"column":16},"end":{"line":6,"column":17}},"loc":{"start":{"line":6,"column":42},"end":{"line":38,"column":1}},"line":6}},"branchMap":{"0":{"loc":{"start":{"line":10,"column":4},"end":{"line":12,"column":5}},"type":"if","locations":[{"start":{"line":10,"column":4},"end":{"line":12,"column":5}},{"start":{},"end":{}}],"line":10},"1":{"loc":{"start":{"line":10,"column":8},"end":{"line":10,"column":83}},"type":"binary-expr","locations":[{"start":{"line":10,"column":8},"end":{"line":10,"column":33}},{"start":{"line":10,"column":37},"end":{"line":10,"column":83}}],"line":10},"2":{"loc":{"start":{"line":14,"column":4},"end":{"line":16,"column":5}},"type":"if","locations":[{"start":{"line":14,"column":4},"end":{"line":16,"column":5}},{"start":{},"end":{}}],"line":14},"3":{"loc":{"start":{"line":25,"column":4},"end":{"line":27,"column":5}},"type":"if","locations":[{"start":{"line":25,"column":4},"end":{"line":27,"column":5}},{"start":{},"end":{}}],"line":25},"4":{"loc":{"start":{"line":33,"column":4},"end":{"line":35,"column":5}},"type":"if","locations":[{"start":{"line":33,"column":4},"end":{"line":35,"column":5}},{"start":{},"end":{}}],"line":33},"5":{"loc":{"start":{"line":33,"column":8},"end":{"line":33,"column":80}},"type":"binary-expr","locations":[{"start":{"line":33,"column":8},"end":{"line":33,"column":42}},{"start":{"line":33,"column":46},"end":{"line":33,"column":80}}],"line":33}},"s":{"0":0,"1":0,"2":0,"3":0,"4":0,"5":0,"6":0,"7":0,"8":0,"9":0,"10":0,"11":0,"12":0,"13":0,"14":0,"15":0,"16":0,"17":0,"18":0,"19":0,"20":0,"21":0},"f":{"0":0},"b":{"0":[0,0],"1":[0,0],"2":[0,0],"3":[0,0],"4":[0,0],"5":[0,0]},"all":true},"D:\\10Pearls Internship\\NotesApp\\cohort-9-mern-12302-ahmad\\backend\\src\\routes\\tasks.routes.js":{"path":"D:\\10Pearls Internship\\NotesApp\\cohort-9-mern-12302-ahmad\\backend\\src\\routes\\tasks.routes.js","statementMap":{"0":{"start":{"line":1,"column":16},"end":{"line":1,"column":34}},"1":{"start":{"line":7,"column":4},"end":{"line":7,"column":46}},"2":{"start":{"line":8,"column":20},"end":{"line":8,"column":59}},"3":{"start":{"line":10,"column":15},"end":{"line":10,"column":31}},"4":{"start":{"line":12,"column":0},"end":{"line":12,"column":20}},"5":{"start":{"line":14,"column":0},"end":{"line":16,"column":17}},"6":{"start":{"line":18,"column":0},"end":{"line":20,"column":22}},"7":{"start":{"line":22,"column":0},"end":{"line":22,"column":24}}},"fnMap":{},"branchMap":{},"s":{"0":0,"1":0,"2":0,"3":0,"4":0,"5":0,"6":0,"7":0},"f":{},"b":{},"all":true},"D:\\10Pearls Internship\\NotesApp\\cohort-9-mern-12302-ahmad\\backend\\src\\routes\\notes.routes.js":{"path":"D:\\10Pearls Internship\\NotesApp\\cohort-9-mern-12302-ahmad\\backend\\src\\routes\\notes.routes.js","statementMap":{"0":{"start":{"line":1,"column":16},"end":{"line":1,"column":34}},"1":{"start":{"line":8,"column":4},"end":{"line":8,"column":46}},"2":{"start":{"line":9,"column":20},"end":{"line":9,"column":59}},"3":{"start":{"line":10,"column":15},"end":{"line":10,"column":46}},"4":{"start":{"line":12,"column":15},"end":{"line":12,"column":31}},"5":{"start":{"line":14,"column":0},"end":{"line":14,"column":20}},"6":{"start":{"line":16,"column":0},"end":{"line":18,"column":17}},"7":{"start":{"line":20,"column":0},"end":{"line":23,"column":22}},"8":{"start":{"line":25,"column":0},"end":{"line":25,"column":24}}},"fnMap":{},"branchMap":{},"s":{"0":0,"1":0,"2":0,"3":0,"4":0,"5":0,"6":0,"7":0,"8":0},"f":{},"b":{},"all":true},"D:\\10Pearls Internship\\NotesApp\\cohort-9-mern-12302-ahmad\\backend\\src\\routes\\index.js":{"path":"D:\\10Pearls Internship\\NotesApp\\cohort-9-mern-12302-ahmad\\backend\\src\\routes\\index.js","statementMap":{"0":{"start":{"line":1,"column":16},"end":{"line":1,"column":34}},"1":{"start":{"line":2,"column":21},"end":{"line":2,"column":47}},"2":{"start":{"line":3,"column":19},"end":{"line":3,"column":43}},"3":{"start":{"line":4,"column":20},"end":{"line":4,"column":45}},"4":{"start":{"line":5,"column":20},"end":{"line":5,"column":45}},"5":{"start":{"line":7,"column":15},"end":{"line":7,"column":31}},"6":{"start":{"line":9,"column":0},"end":{"line":9,"column":30}},"7":{"start":{"line":10,"column":0},"end":{"line":10,"column":32}},"8":{"start":{"line":11,"column":0},"end":{"line":11,"column":34}},"9":{"start":{"line":12,"column":0},"end":{"line":12,"column":34}},"10":{"start":{"line":14,"column":0},"end":{"line":14,"column":24}}},"fnMap":{},"branchMap":{},"s":{"0":0,"1":0,"2":0,"3":0,"4":0,"5":0,"6":0,"7":0,"8":0,"9":0,"10":0},"f":{},"b":{},"all":true},"D:\\10Pearls Internship\\NotesApp\\cohort-9-mern-12302-ahmad\\backend\\src\\routes\\health.routes.js":{"path":"D:\\10Pearls Internship\\NotesApp\\cohort-9-mern-12302-ahmad\\backend\\src\\routes\\health.routes.js","statementMap":{"0":{"start":{"line":1,"column":16},"end":{"line":1,"column":34}},"1":{"start":{"line":2,"column":28},"end":{"line":2,"column":71}},"2":{"start":{"line":4,"column":15},"end":{"line":4,"column":31}},"3":{"start":{"line":6,"column":0},"end":{"line":6,"column":39}},"4":{"start":{"line":8,"column":0},"end":{"line":8,"column":24}}},"fnMap":{},"branchMap":{},"s":{"0":0,"1":0,"2":0,"3":0,"4":0},"f":{},"b":{},"all":true},"D:\\10Pearls Internship\\NotesApp\\cohort-9-mern-12302-ahmad\\backend\\src\\routes\\auth.routes.js":{"path":"D:\\10Pearls Internship\\NotesApp\\cohort-9-mern-12302-ahmad\\backend\\src\\routes\\auth.routes.js","statementMap":{"0":{"start":{"line":1,"column":16},"end":{"line":1,"column":34}},"1":{"start":{"line":2,"column":48},"end":{"line":2,"column":89}},"2":{"start":{"line":3,"column":20},"end":{"line":3,"column":59}},"3":{"start":{"line":5,"column":15},"end":{"line":5,"column":31}},"4":{"start":{"line":7,"column":0},"end":{"line":7,"column":31}},"5":{"start":{"line":8,"column":0},"end":{"line":8,"column":29}},"6":{"start":{"line":9,"column":0},"end":{"line":9,"column":34}},"7":{"start":{"line":10,"column":0},"end":{"line":10,"column":47}},"8":{"start":{"line":12,"column":0},"end":{"line":12,"column":24}}},"fnMap":{},"branchMap":{},"s":{"0":0,"1":0,"2":0,"3":0,"4":0,"5":0,"6":0,"7":0,"8":0},"f":{},"b":{},"all":true},"D:\\10Pearls Internship\\NotesApp\\cohort-9-mern-12302-ahmad\\backend\\src\\controllers\\tasks.controller.js":{"path":"D:\\10Pearls Internship\\NotesApp\\cohort-9-mern-12302-ahmad\\backend\\src\\controllers\\tasks.controller.js","statementMap":{"0":{"start":{"line":1,"column":17},"end":{"line":1,"column":37}},"1":{"start":{"line":2,"column":17},"end":{"line":2,"column":45}},"2":{"start":{"line":3,"column":15},"end":{"line":3,"column":42}},"3":{"start":{"line":5,"column":19},"end":{"line":29,"column":1}},"4":{"start":{"line":6,"column":2},"end":{"line":28,"column":3}},"5":{"start":{"line":7,"column":22},"end":{"line":7,"column":30}},"6":{"start":{"line":8,"column":20},"end":{"line":8,"column":31}},"7":{"start":{"line":10,"column":4},"end":{"line":12,"column":5}},"8":{"start":{"line":11,"column":6},"end":{"line":11,"column":76}},"9":{"start":{"line":14,"column":17},"end":{"line":17,"column":6}},"10":{"start":{"line":19,"column":4},"end":{"line":19,"column":83}},"11":{"start":{"line":21,"column":4},"end":{"line":25,"column":7}},"12":{"start":{"line":27,"column":4},"end":{"line":27,"column":16}},"13":{"start":{"line":31,"column":17},"end":{"line":47,"column":1}},"14":{"start":{"line":32,"column":2},"end":{"line":46,"column":3}},"15":{"start":{"line":33,"column":20},"end":{"line":33,"column":31}},"16":{"start":{"line":35,"column":18},"end":{"line":38,"column":6}},"17":{"start":{"line":40,"column":4},"end":{"line":43,"column":7}},"18":{"start":{"line":45,"column":4},"end":{"line":45,"column":16}},"19":{"start":{"line":49,"column":19},"end":{"line":88,"column":1}},"20":{"start":{"line":50,"column":2},"end":{"line":87,"column":3}},"21":{"start":{"line":51,"column":19},"end":{"line":51,"column":29}},"22":{"start":{"line":52,"column":36},"end":{"line":52,"column":44}},"23":{"start":{"line":53,"column":20},"end":{"line":53,"column":31}},"24":{"start":{"line":55,"column":17},"end":{"line":57,"column":6}},"25":{"start":{"line":59,"column":4},"end":{"line":61,"column":5}},"26":{"start":{"line":60,"column":6},"end":{"line":60,"column":55}},"27":{"start":{"line":63,"column":4},"end":{"line":68,"column":5}},"28":{"start":{"line":64,"column":6},"end":{"line":66,"column":7}},"29":{"start":{"line":65,"column":8},"end":{"line":65,"column":78}},"30":{"start":{"line":67,"column":6},"end":{"line":67,"column":32}},"31":{"start":{"line":69,"column":4},"end":{"line":74,"column":5}},"32":{"start":{"line":70,"column":6},"end":{"line":72,"column":7}},"33":{"start":{"line":71,"column":8},"end":{"line":71,"column":73}},"34":{"start":{"line":73,"column":6},"end":{"line":73,"column":39}},"35":{"start":{"line":76,"column":4},"end":{"line":76,"column":22}},"36":{"start":{"line":78,"column":4},"end":{"line":78,"column":83}},"37":{"start":{"line":80,"column":4},"end":{"line":84,"column":7}},"38":{"start":{"line":86,"column":4},"end":{"line":86,"column":16}},"39":{"start":{"line":90,"column":19},"end":{"line":114,"column":1}},"40":{"start":{"line":91,"column":2},"end":{"line":113,"column":3}},"41":{"start":{"line":92,"column":19},"end":{"line":92,"column":29}},"42":{"start":{"line":93,"column":20},"end":{"line":93,"column":31}},"43":{"start":{"line":95,"column":17},"end":{"line":97,"column":6}},"44":{"start":{"line":99,"column":4},"end":{"line":101,"column":5}},"45":{"start":{"line":100,"column":6},"end":{"line":100,"column":55}},"46":{"start":{"line":103,"column":4},"end":{"line":103,"column":25}},"47":{"start":{"line":105,"column":4},"end":{"line":105,"column":78}},"48":{"start":{"line":107,"column":4},"end":{"line":110,"column":7}},"49":{"start":{"line":112,"column":4},"end":{"line":112,"column":16}},"50":{"start":{"line":116,"column":0},"end":{"line":121,"column":2}}},"fnMap":{"0":{"name":"(anonymous_0)","decl":{"start":{"line":5,"column":19},"end":{"line":5,"column":20}},"loc":{"start":{"line":5,"column":45},"end":{"line":29,"column":1}},"line":5},"1":{"name":"(anonymous_1)","decl":{"start":{"line":31,"column":17},"end":{"line":31,"column":18}},"loc":{"start":{"line":31,"column":43},"end":{"line":47,"column":1}},"line":31},"2":{"name":"(anonymous_2)","decl":{"start":{"line":49,"column":19},"end":{"line":49,"column":20}},"loc":{"start":{"line":49,"column":45},"end":{"line":88,"column":1}},"line":49},"3":{"name":"(anonymous_3)","decl":{"start":{"line":90,"column":19},"end":{"line":90,"column":20}},"loc":{"start":{"line":90,"column":45},"end":{"line":114,"column":1}},"line":90}},"branchMap":{"0":{"loc":{"start":{"line":10,"column":4},"end":{"line":12,"column":5}},"type":"if","locations":[{"start":{"line":10,"column":4},"end":{"line":12,"column":5}},{"start":{},"end":{}}],"line":10},"1":{"loc":{"start":{"line":10,"column":8},"end":{"line":10,"column":56}},"type":"binary-expr","locations":[{"start":{"line":10,"column":8},"end":{"line":10,"column":33}},{"start":{"line":10,"column":37},"end":{"line":10,"column":56}}],"line":10},"2":{"loc":{"start":{"line":59,"column":4},"end":{"line":61,"column":5}},"type":"if","locations":[{"start":{"line":59,"column":4},"end":{"line":61,"column":5}},{"start":{},"end":{}}],"line":59},"3":{"loc":{"start":{"line":63,"column":4},"end":{"line":68,"column":5}},"type":"if","locations":[{"start":{"line":63,"column":4},"end":{"line":68,"column":5}},{"start":{},"end":{}}],"line":63},"4":{"loc":{"start":{"line":64,"column":6},"end":{"line":66,"column":7}},"type":"if","locations":[{"start":{"line":64,"column":6},"end":{"line":66,"column":7}},{"start":{},"end":{}}],"line":64},"5":{"loc":{"start":{"line":64,"column":10},"end":{"line":64,"column":58}},"type":"binary-expr","locations":[{"start":{"line":64,"column":10},"end":{"line":64,"column":35}},{"start":{"line":64,"column":39},"end":{"line":64,"column":58}}],"line":64},"6":{"loc":{"start":{"line":69,"column":4},"end":{"line":74,"column":5}},"type":"if","locations":[{"start":{"line":69,"column":4},"end":{"line":74,"column":5}},{"start":{},"end":{}}],"line":69},"7":{"loc":{"start":{"line":70,"column":6},"end":{"line":72,"column":7}},"type":"if","locations":[{"start":{"line":70,"column":6},"end":{"line":72,"column":7}},{"start":{},"end":{}}],"line":70},"8":{"loc":{"start":{"line":99,"column":4},"end":{"line":101,"column":5}},"type":"if","locations":[{"start":{"line":99,"column":4},"end":{"line":101,"column":5}},{"start":{},"end":{}}],"line":99}},"s":{"0":0,"1":0,"2":0,"3":0,"4":0,"5":0,"6":0,"7":0,"8":0,"9":0,"10":0,"11":0,"12":0,"13":0,"14":0,"15":0,"16":0,"17":0,"18":0,"19":0,"20":0,"21":0,"22":0,"23":0,"24":0,"25":0,"26":0,"27":0,"28":0,"29":0,"30":0,"31":0,"32":0,"33":0,"34":0,"35":0,"36":0,"37":0,"38":0,"39":0,"40":0,"41":0,"42":0,"43":0,"44":0,"45":0,"46":0,"47":0,"48":0,"49":0,"50":0},"f":{"0":0,"1":0,"2":0,"3":0},"b":{"0":[0,0],"1":[0,0],"2":[0,0],"3":[0,0],"4":[0,0],"5":[0,0],"6":[0,0],"7":[0,0],"8":[0,0]},"all":true},"D:\\10Pearls Internship\\NotesApp\\cohort-9-mern-12302-ahmad\\backend\\src\\controllers\\notes.controller.js":{"path":"D:\\10Pearls Internship\\NotesApp\\cohort-9-mern-12302-ahmad\\backend\\src\\controllers\\notes.controller.js","statementMap":{"0":{"start":{"line":1,"column":11},"end":{"line":1,"column":24}},"1":{"start":{"line":2,"column":13},"end":{"line":2,"column":28}},"2":{"start":{"line":3,"column":17},"end":{"line":3,"column":37}},"3":{"start":{"line":4,"column":17},"end":{"line":4,"column":45}},"4":{"start":{"line":5,"column":15},"end":{"line":5,"column":42}},"5":{"start":{"line":7,"column":24},"end":{"line":15,"column":1}},"6":{"start":{"line":8,"column":2},"end":{"line":8,"column":24}},"7":{"start":{"line":8,"column":17},"end":{"line":8,"column":24}},"8":{"start":{"line":9,"column":19},"end":{"line":9,"column":80}},"9":{"start":{"line":10,"column":2},"end":{"line":14,"column":5}},"10":{"start":{"line":11,"column":4},"end":{"line":13,"column":5}},"11":{"start":{"line":12,"column":6},"end":{"line":12,"column":68}},"12":{"start":{"line":17,"column":19},"end":{"line":52,"column":1}},"13":{"start":{"line":18,"column":2},"end":{"line":51,"column":3}},"14":{"start":{"line":19,"column":43},"end":{"line":19,"column":51}},"15":{"start":{"line":20,"column":20},"end":{"line":20,"column":31}},"16":{"start":{"line":22,"column":4},"end":{"line":24,"column":5}},"17":{"start":{"line":23,"column":6},"end":{"line":23,"column":76}},"18":{"start":{"line":26,"column":21},"end":{"line":26,"column":78}},"19":{"start":{"line":28,"column":4},"end":{"line":30,"column":5}},"20":{"start":{"line":29,"column":6},"end":{"line":29,"column":79}},"21":{"start":{"line":32,"column":17},"end":{"line":40,"column":6}},"22":{"start":{"line":42,"column":4},"end":{"line":42,"column":83}},"23":{"start":{"line":44,"column":4},"end":{"line":48,"column":7}},"24":{"start":{"line":50,"column":4},"end":{"line":50,"column":16}},"25":{"start":{"line":54,"column":17},"end":{"line":70,"column":1}},"26":{"start":{"line":55,"column":2},"end":{"line":69,"column":3}},"27":{"start":{"line":56,"column":20},"end":{"line":56,"column":31}},"28":{"start":{"line":58,"column":18},"end":{"line":61,"column":6}},"29":{"start":{"line":63,"column":4},"end":{"line":66,"column":7}},"30":{"start":{"line":68,"column":4},"end":{"line":68,"column":16}},"31":{"start":{"line":72,"column":20},"end":{"line":92,"column":1}},"32":{"start":{"line":73,"column":2},"end":{"line":91,"column":3}},"33":{"start":{"line":74,"column":19},"end":{"line":74,"column":29}},"34":{"start":{"line":75,"column":20},"end":{"line":75,"column":31}},"35":{"start":{"line":77,"column":17},"end":{"line":79,"column":6}},"36":{"start":{"line":81,"column":4},"end":{"line":83,"column":5}},"37":{"start":{"line":82,"column":6},"end":{"line":82,"column":55}},"38":{"start":{"line":85,"column":4},"end":{"line":88,"column":7}},"39":{"start":{"line":90,"column":4},"end":{"line":90,"column":16}},"40":{"start":{"line":94,"column":19},"end":{"line":157,"column":1}},"41":{"start":{"line":95,"column":2},"end":{"line":156,"column":3}},"42":{"start":{"line":96,"column":19},"end":{"line":96,"column":29}},"43":{"start":{"line":97,"column":65},"end":{"line":97,"column":73}},"44":{"start":{"line":98,"column":20},"end":{"line":98,"column":31}},"45":{"start":{"line":100,"column":17},"end":{"line":102,"column":6}},"46":{"start":{"line":104,"column":4},"end":{"line":106,"column":5}},"47":{"start":{"line":105,"column":6},"end":{"line":105,"column":55}},"48":{"start":{"line":108,"column":4},"end":{"line":113,"column":5}},"49":{"start":{"line":109,"column":6},"end":{"line":111,"column":7}},"50":{"start":{"line":110,"column":8},"end":{"line":110,"column":78}},"51":{"start":{"line":112,"column":6},"end":{"line":112,"column":25}},"52":{"start":{"line":114,"column":4},"end":{"line":114,"column":54}},"53":{"start":{"line":114,"column":31},"end":{"line":114,"column":54}},"54":{"start":{"line":115,"column":4},"end":{"line":115,"column":45}},"55":{"start":{"line":115,"column":28},"end":{"line":115,"column":45}},"56":{"start":{"line":116,"column":26},"end":{"line":116,"column":63}},"57":{"start":{"line":117,"column":4},"end":{"line":119,"column":5}},"58":{"start":{"line":118,"column":6},"end":{"line":118,"column":58}},"59":{"start":{"line":120,"column":4},"end":{"line":122,"column":5}},"60":{"start":{"line":121,"column":6},"end":{"line":121,"column":61}},"61":{"start":{"line":123,"column":4},"end":{"line":126,"column":5}},"62":{"start":{"line":125,"column":6},"end":{"line":125,"column":84}},"63":{"start":{"line":127,"column":4},"end":{"line":131,"column":5}},"64":{"start":{"line":128,"column":6},"end":{"line":128,"column":38}},"65":{"start":{"line":129,"column":6},"end":{"line":129,"column":28}},"66":{"start":{"line":130,"column":6},"end":{"line":130,"column":29}},"67":{"start":{"line":132,"column":4},"end":{"line":132,"column":30}},"68":{"start":{"line":134,"column":4},"end":{"line":143,"column":5}},"69":{"start":{"line":135,"column":23},"end":{"line":135,"column":95}},"70":{"start":{"line":136,"column":8},"end":{"line":139,"column":7}},"71":{"start":{"line":138,"column":8},"end":{"line":138,"column":96}},"72":{"start":{"line":140,"column":6},"end":{"line":140,"column":38}},"73":{"start":{"line":141,"column":6},"end":{"line":141,"column":61}},"74":{"start":{"line":142,"column":6},"end":{"line":142,"column":42}},"75":{"start":{"line":145,"column":4},"end":{"line":145,"column":22}},"76":{"start":{"line":147,"column":4},"end":{"line":147,"column":83}},"77":{"start":{"line":149,"column":4},"end":{"line":153,"column":7}},"78":{"start":{"line":155,"column":4},"end":{"line":155,"column":16}},"79":{"start":{"line":159,"column":19},"end":{"line":184,"column":1}},"80":{"start":{"line":160,"column":2},"end":{"line":183,"column":3}},"81":{"start":{"line":161,"column":19},"end":{"line":161,"column":29}},"82":{"start":{"line":162,"column":20},"end":{"line":162,"column":31}},"83":{"start":{"line":164,"column":17},"end":{"line":166,"column":6}},"84":{"start":{"line":168,"column":4},"end":{"line":170,"column":5}},"85":{"start":{"line":169,"column":6},"end":{"line":169,"column":55}},"86":{"start":{"line":172,"column":4},"end":{"line":172,"column":36}},"87":{"start":{"line":173,"column":4},"end":{"line":173,"column":25}},"88":{"start":{"line":175,"column":4},"end":{"line":175,"column":78}},"89":{"start":{"line":177,"column":4},"end":{"line":180,"column":7}},"90":{"start":{"line":182,"column":4},"end":{"line":182,"column":16}},"91":{"start":{"line":186,"column":0},"end":{"line":192,"column":2}}},"fnMap":{"0":{"name":"(anonymous_0)","decl":{"start":{"line":7,"column":24},"end":{"line":7,"column":25}},"loc":{"start":{"line":7,"column":38},"end":{"line":15,"column":1}},"line":7},"1":{"name":"(anonymous_1)","decl":{"start":{"line":10,"column":22},"end":{"line":10,"column":23}},"loc":{"start":{"line":10,"column":31},"end":{"line":14,"column":3}},"line":10},"2":{"name":"(anonymous_2)","decl":{"start":{"line":17,"column":19},"end":{"line":17,"column":20}},"loc":{"start":{"line":17,"column":45},"end":{"line":52,"column":1}},"line":17},"3":{"name":"(anonymous_3)","decl":{"start":{"line":54,"column":17},"end":{"line":54,"column":18}},"loc":{"start":{"line":54,"column":43},"end":{"line":70,"column":1}},"line":54},"4":{"name":"(anonymous_4)","decl":{"start":{"line":72,"column":20},"end":{"line":72,"column":21}},"loc":{"start":{"line":72,"column":46},"end":{"line":92,"column":1}},"line":72},"5":{"name":"(anonymous_5)","decl":{"start":{"line":94,"column":19},"end":{"line":94,"column":20}},"loc":{"start":{"line":94,"column":45},"end":{"line":157,"column":1}},"line":94},"6":{"name":"(anonymous_6)","decl":{"start":{"line":159,"column":19},"end":{"line":159,"column":20}},"loc":{"start":{"line":159,"column":45},"end":{"line":184,"column":1}},"line":159}},"branchMap":{"0":{"loc":{"start":{"line":8,"column":2},"end":{"line":8,"column":24}},"type":"if","locations":[{"start":{"line":8,"column":2},"end":{"line":8,"column":24}},{"start":{},"end":{}}],"line":8},"1":{"loc":{"start":{"line":11,"column":4},"end":{"line":13,"column":5}},"type":"if","locations":[{"start":{"line":11,"column":4},"end":{"line":13,"column":5}},{"start":{},"end":{}}],"line":11},"2":{"loc":{"start":{"line":11,"column":8},"end":{"line":11,"column":36}},"type":"binary-expr","locations":[{"start":{"line":11,"column":8},"end":{"line":11,"column":11}},{"start":{"line":11,"column":15},"end":{"line":11,"column":36}}],"line":11},"3":{"loc":{"start":{"line":22,"column":4},"end":{"line":24,"column":5}},"type":"if","locations":[{"start":{"line":22,"column":4},"end":{"line":24,"column":5}},{"start":{},"end":{}}],"line":22},"4":{"loc":{"start":{"line":22,"column":8},"end":{"line":22,"column":56}},"type":"binary-expr","locations":[{"start":{"line":22,"column":8},"end":{"line":22,"column":33}},{"start":{"line":22,"column":37},"end":{"line":22,"column":56}}],"line":22},"5":{"loc":{"start":{"line":26,"column":21},"end":{"line":26,"column":78}},"type":"cond-expr","locations":[{"start":{"line":26,"column":65},"end":{"line":26,"column":69}},{"start":{"line":26,"column":72},"end":{"line":26,"column":78}}],"line":26},"6":{"loc":{"start":{"line":28,"column":4},"end":{"line":30,"column":5}},"type":"if","locations":[{"start":{"line":28,"column":4},"end":{"line":30,"column":5}},{"start":{},"end":{}}],"line":28},"7":{"loc":{"start":{"line":28,"column":8},"end":{"line":28,"column":67}},"type":"binary-expr","locations":[{"start":{"line":28,"column":9},"end":{"line":28,"column":29}},{"start":{"line":28,"column":33},"end":{"line":28,"column":53}},{"start":{"line":28,"column":58},"end":{"line":28,"column":67}}],"line":28},"8":{"loc":{"start":{"line":37,"column":17},"end":{"line":37,"column":72}},"type":"cond-expr","locations":[{"start":{"line":37,"column":28},"end":{"line":37,"column":65}},{"start":{"line":37,"column":68},"end":{"line":37,"column":72}}],"line":37},"9":{"loc":{"start":{"line":38,"column":18},"end":{"line":38,"column":53}},"type":"cond-expr","locations":[{"start":{"line":38,"column":29},"end":{"line":38,"column":46}},{"start":{"line":38,"column":49},"end":{"line":38,"column":53}}],"line":38},"10":{"loc":{"start":{"line":81,"column":4},"end":{"line":83,"column":5}},"type":"if","locations":[{"start":{"line":81,"column":4},"end":{"line":83,"column":5}},{"start":{},"end":{}}],"line":81},"11":{"loc":{"start":{"line":97,"column":40},"end":{"line":97,"column":60}},"type":"default-arg","locations":[{"start":{"line":97,"column":54},"end":{"line":97,"column":60}}],"line":97},"12":{"loc":{"start":{"line":104,"column":4},"end":{"line":106,"column":5}},"type":"if","locations":[{"start":{"line":104,"column":4},"end":{"line":106,"column":5}},{"start":{},"end":{}}],"line":104},"13":{"loc":{"start":{"line":108,"column":4},"end":{"line":113,"column":5}},"type":"if","locations":[{"start":{"line":108,"column":4},"end":{"line":113,"column":5}},{"start":{},"end":{}}],"line":108},"14":{"loc":{"start":{"line":109,"column":6},"end":{"line":111,"column":7}},"type":"if","locations":[{"start":{"line":109,"column":6},"end":{"line":111,"column":7}},{"start":{},"end":{}}],"line":109},"15":{"loc":{"start":{"line":109,"column":10},"end":{"line":109,"column":58}},"type":"binary-expr","locations":[{"start":{"line":109,"column":10},"end":{"line":109,"column":35}},{"start":{"line":109,"column":39},"end":{"line":109,"column":58}}],"line":109},"16":{"loc":{"start":{"line":114,"column":4},"end":{"line":114,"column":54}},"type":"if","locations":[{"start":{"line":114,"column":4},"end":{"line":114,"column":54}},{"start":{},"end":{}}],"line":114},"17":{"loc":{"start":{"line":115,"column":4},"end":{"line":115,"column":45}},"type":"if","locations":[{"start":{"line":115,"column":4},"end":{"line":115,"column":45}},{"start":{},"end":{}}],"line":115},"18":{"loc":{"start":{"line":116,"column":26},"end":{"line":116,"column":63}},"type":"cond-expr","locations":[{"start":{"line":116,"column":47},"end":{"line":116,"column":56}},{"start":{"line":116,"column":59},"end":{"line":116,"column":63}}],"line":116},"19":{"loc":{"start":{"line":117,"column":4},"end":{"line":119,"column":5}},"type":"if","locations":[{"start":{"line":117,"column":4},"end":{"line":119,"column":5}},{"start":{},"end":{}}],"line":117},"20":{"loc":{"start":{"line":120,"column":4},"end":{"line":122,"column":5}},"type":"if","locations":[{"start":{"line":120,"column":4},"end":{"line":122,"column":5}},{"start":{},"end":{}}],"line":120},"21":{"loc":{"start":{"line":123,"column":4},"end":{"line":126,"column":5}},"type":"if","locations":[{"start":{"line":123,"column":4},"end":{"line":126,"column":5}},{"start":{},"end":{}}],"line":123},"22":{"loc":{"start":{"line":123,"column":8},"end":{"line":124,"column":53}},"type":"binary-expr","locations":[{"start":{"line":123,"column":9},"end":{"line":123,"column":34}},{"start":{"line":123,"column":38},"end":{"line":123,"column":63}},{"start":{"line":123,"column":68},"end":{"line":123,"column":77}},{"start":{"line":124,"column":9},"end":{"line":124,"column":24}},{"start":{"line":124,"column":28},"end":{"line":124,"column":52}}],"line":123},"23":{"loc":{"start":{"line":127,"column":4},"end":{"line":131,"column":5}},"type":"if","locations":[{"start":{"line":127,"column":4},"end":{"line":131,"column":5}},{"start":{},"end":{}}],"line":127},"24":{"loc":{"start":{"line":127,"column":8},"end":{"line":127,"column":80}},"type":"binary-expr","locations":[{"start":{"line":127,"column":9},"end":{"line":127,"column":33}},{"start":{"line":127,"column":37},"end":{"line":127,"column":61}},{"start":{"line":127,"column":66},"end":{"line":127,"column":80}}],"line":127},"25":{"loc":{"start":{"line":134,"column":4},"end":{"line":143,"column":5}},"type":"if","locations":[{"start":{"line":134,"column":4},"end":{"line":143,"column":5}},{"start":{},"end":{}}],"line":134},"26":{"loc":{"start":{"line":135,"column":23},"end":{"line":135,"column":95}},"type":"binary-expr","locations":[{"start":{"line":135,"column":23},"end":{"line":135,"column":57}},{"start":{"line":135,"column":61},"end":{"line":135,"column":95}}],"line":135},"27":{"loc":{"start":{"line":136,"column":8},"end":{"line":139,"column":7}},"type":"if","locations":[{"start":{"line":136,"column":8},"end":{"line":139,"column":7}},{"start":{},"end":{}}],"line":136},"28":{"loc":{"start":{"line":136,"column":12},"end":{"line":137,"column":91}},"type":"binary-expr","locations":[{"start":{"line":136,"column":13},"end":{"line":136,"column":38}},{"start":{"line":136,"column":42},"end":{"line":136,"column":81}},{"start":{"line":136,"column":85},"end":{"line":136,"column":92}},{"start":{"line":137,"column":11},"end":{"line":137,"column":36}},{"start":{"line":137,"column":40},"end":{"line":137,"column":79}},{"start":{"line":137,"column":83},"end":{"line":137,"column":90}}],"line":136},"29":{"loc":{"start":{"line":168,"column":4},"end":{"line":170,"column":5}},"type":"if","locations":[{"start":{"line":168,"column":4},"end":{"line":170,"column":5}},{"start":{},"end":{}}],"line":168}},"s":{"0":0,"1":0,"2":0,"3":0,"4":0,"5":0,"6":0,"7":0,"8":0,"9":0,"10":0,"11":0,"12":0,"13":0,"14":0,"15":0,"16":0,"17":0,"18":0,"19":0,"20":0,"21":0,"22":0,"23":0,"24":0,"25":0,"26":0,"27":0,"28":0,"29":0,"30":0,"31":0,"32":0,"33":0,"34":0,"35":0,"36":0,"37":0,"38":0,"39":0,"40":0,"41":0,"42":0,"43":0,"44":0,"45":0,"46":0,"47":0,"48":0,"49":0,"50":0,"51":0,"52":0,"53":0,"54":0,"55":0,"56":0,"57":0,"58":0,"59":0,"60":0,"61":0,"62":0,"63":0,"64":0,"65":0,"66":0,"67":0,"68":0,"69":0,"70":0,"71":0,"72":0,"73":0,"74":0,"75":0,"76":0,"77":0,"78":0,"79":0,"80":0,"81":0,"82":0,"83":0,"84":0,"85":0,"86":0,"87":0,"88":0,"89":0,"90":0,"91":0},"f":{"0":0,"1":0,"2":0,"3":0,"4":0,"5":0,"6":0},"b":{"0":[0,0],"1":[0,0],"2":[0,0],"3":[0,0],"4":[0,0],"5":[0,0],"6":[0,0],"7":[0,0,0],"8":[0,0],"9":[0,0],"10":[0,0],"11":[0],"12":[0,0],"13":[0,0],"14":[0,0],"15":[0,0],"16":[0,0],"17":[0,0],"18":[0,0],"19":[0,0],"20":[0,0],"21":[0,0],"22":[0,0,0,0,0],"23":[0,0],"24":[0,0,0],"25":[0,0],"26":[0,0],"27":[0,0],"28":[0,0,0,0,0,0],"29":[0,0]},"all":true},"D:\\10Pearls Internship\\NotesApp\\cohort-9-mern-12302-ahmad\\backend\\src\\controllers\\health.controller.js":{"path":"D:\\10Pearls Internship\\NotesApp\\cohort-9-mern-12302-ahmad\\backend\\src\\controllers\\health.controller.js","statementMap":{"0":{"start":{"line":1,"column":22},"end":{"line":1,"column":45}},"1":{"start":{"line":3,"column":24},"end":{"line":15,"column":1}},"2":{"start":{"line":4,"column":2},"end":{"line":14,"column":3}},"3":{"start":{"line":5,"column":4},"end":{"line":5,"column":35}},"4":{"start":{"line":6,"column":4},"end":{"line":11,"column":7}},"5":{"start":{"line":13,"column":4},"end":{"line":13,"column":16}},"6":{"start":{"line":17,"column":0},"end":{"line":19,"column":2}}},"fnMap":{"0":{"name":"(anonymous_0)","decl":{"start":{"line":3,"column":24},"end":{"line":3,"column":25}},"loc":{"start":{"line":3,"column":50},"end":{"line":15,"column":1}},"line":3}},"branchMap":{},"s":{"0":0,"1":0,"2":0,"3":0,"4":0,"5":0,"6":0},"f":{"0":0},"b":{},"all":true},"D:\\10Pearls Internship\\NotesApp\\cohort-9-mern-12302-ahmad\\backend\\src\\controllers\\auth.controller.js":{"path":"D:\\10Pearls Internship\\NotesApp\\cohort-9-mern-12302-ahmad\\backend\\src\\controllers\\auth.controller.js","statementMap":{"0":{"start":{"line":1,"column":17},"end":{"line":1,"column":37}},"1":{"start":{"line":2,"column":17},"end":{"line":2,"column":45}},"2":{"start":{"line":3,"column":22},"end":{"line":3,"column":55}},"3":{"start":{"line":4,"column":15},"end":{"line":4,"column":42}},"4":{"start":{"line":6,"column":21},"end":{"line":9,"column":1}},"5":{"start":{"line":7,"column":21},"end":{"line":7,"column":49}},"6":{"start":{"line":8,"column":2},"end":{"line":8,"column":32}},"7":{"start":{"line":11,"column":15},"end":{"line":60,"column":1}},"8":{"start":{"line":12,"column":2},"end":{"line":59,"column":3}},"9":{"start":{"line":13,"column":38},"end":{"line":13,"column":46}},"10":{"start":{"line":15,"column":4},"end":{"line":17,"column":5}},"11":{"start":{"line":16,"column":6},"end":{"line":16,"column":81}},"12":{"start":{"line":19,"column":4},"end":{"line":21,"column":5}},"13":{"start":{"line":20,"column":6},"end":{"line":20,"column":59}},"14":{"start":{"line":23,"column":4},"end":{"line":25,"column":5}},"15":{"start":{"line":24,"column":6},"end":{"line":24,"column":77}},"16":{"start":{"line":27,"column":4},"end":{"line":29,"column":5}},"17":{"start":{"line":28,"column":6},"end":{"line":28,"column":84}},"18":{"start":{"line":31,"column":25},"end":{"line":31,"column":86}},"19":{"start":{"line":32,"column":4},"end":{"line":34,"column":5}},"20":{"start":{"line":33,"column":6},"end":{"line":33,"column":68}},"21":{"start":{"line":36,"column":17},"end":{"line":40,"column":6}},"22":{"start":{"line":42,"column":18},"end":{"line":42,"column":37}},"23":{"start":{"line":44,"column":4},"end":{"line":44,"column":69}},"24":{"start":{"line":46,"column":4},"end":{"line":56,"column":7}},"25":{"start":{"line":58,"column":4},"end":{"line":58,"column":16}},"26":{"start":{"line":62,"column":14},"end":{"line":104,"column":1}},"27":{"start":{"line":63,"column":2},"end":{"line":103,"column":3}},"28":{"start":{"line":64,"column":32},"end":{"line":64,"column":40}},"29":{"start":{"line":66,"column":4},"end":{"line":68,"column":5}},"30":{"start":{"line":67,"column":6},"end":{"line":67,"column":74}},"31":{"start":{"line":70,"column":4},"end":{"line":72,"column":5}},"32":{"start":{"line":71,"column":6},"end":{"line":71,"column":59}},"33":{"start":{"line":74,"column":17},"end":{"line":74,"column":85}},"34":{"start":{"line":75,"column":4},"end":{"line":78,"column":5}},"35":{"start":{"line":76,"column":6},"end":{"line":76,"column":50}},"36":{"start":{"line":77,"column":6},"end":{"line":77,"column":66}},"37":{"start":{"line":80,"column":20},"end":{"line":80,"column":56}},"38":{"start":{"line":81,"column":4},"end":{"line":84,"column":5}},"39":{"start":{"line":82,"column":6},"end":{"line":82,"column":73}},"40":{"start":{"line":83,"column":6},"end":{"line":83,"column":66}},"41":{"start":{"line":86,"column":18},"end":{"line":86,"column":37}},"42":{"start":{"line":88,"column":4},"end":{"line":88,"column":68}},"43":{"start":{"line":90,"column":4},"end":{"line":100,"column":7}},"44":{"start":{"line":102,"column":4},"end":{"line":102,"column":16}},"45":{"start":{"line":106,"column":14},"end":{"line":115,"column":1}},"46":{"start":{"line":107,"column":2},"end":{"line":114,"column":3}},"47":{"start":{"line":108,"column":4},"end":{"line":111,"column":7}},"48":{"start":{"line":113,"column":4},"end":{"line":113,"column":16}},"49":{"start":{"line":117,"column":22},"end":{"line":178,"column":1}},"50":{"start":{"line":118,"column":2},"end":{"line":177,"column":3}},"51":{"start":{"line":119,"column":52},"end":{"line":119,"column":60}},"52":{"start":{"line":121,"column":4},"end":{"line":123,"column":5}},"53":{"start":{"line":122,"column":6},"end":{"line":122,"column":90}},"54":{"start":{"line":125,"column":4},"end":{"line":127,"column":5}},"55":{"start":{"line":126,"column":6},"end":{"line":126,"column":92}},"56":{"start":{"line":129,"column":17},"end":{"line":129,"column":49}},"57":{"start":{"line":130,"column":4},"end":{"line":132,"column":5}},"58":{"start":{"line":131,"column":6},"end":{"line":131,"column":55}},"59":{"start":{"line":134,"column":20},"end":{"line":134,"column":63}},"60":{"start":{"line":135,"column":4},"end":{"line":137,"column":5}},"61":{"start":{"line":136,"column":6},"end":{"line":136,"column":70}},"62":{"start":{"line":139,"column":4},"end":{"line":152,"column":5}},"63":{"start":{"line":140,"column":6},"end":{"line":142,"column":7}},"64":{"start":{"line":141,"column":8},"end":{"line":141,"column":79}},"65":{"start":{"line":144,"column":30},"end":{"line":144,"column":56}},"66":{"start":{"line":145,"column":6},"end":{"line":151,"column":7}},"67":{"start":{"line":146,"column":29},"end":{"line":146,"column":86}},"68":{"start":{"line":147,"column":8},"end":{"line":149,"column":9}},"69":{"start":{"line":148,"column":10},"end":{"line":148,"column":72}},"70":{"start":{"line":150,"column":8},"end":{"line":150,"column":37}},"71":{"start":{"line":154,"column":4},"end":{"line":159,"column":5}},"72":{"start":{"line":155,"column":6},"end":{"line":157,"column":7}},"73":{"start":{"line":156,"column":8},"end":{"line":156,"column":86}},"74":{"start":{"line":158,"column":6},"end":{"line":158,"column":34}},"75":{"start":{"line":161,"column":4},"end":{"line":161,"column":22}},"76":{"start":{"line":163,"column":4},"end":{"line":163,"column":74}},"77":{"start":{"line":165,"column":4},"end":{"line":174,"column":7}},"78":{"start":{"line":176,"column":4},"end":{"line":176,"column":16}},"79":{"start":{"line":180,"column":0},"end":{"line":185,"column":2}}},"fnMap":{"0":{"name":"(anonymous_0)","decl":{"start":{"line":6,"column":21},"end":{"line":6,"column":22}},"loc":{"start":{"line":6,"column":32},"end":{"line":9,"column":1}},"line":6},"1":{"name":"(anonymous_1)","decl":{"start":{"line":11,"column":15},"end":{"line":11,"column":16}},"loc":{"start":{"line":11,"column":41},"end":{"line":60,"column":1}},"line":11},"2":{"name":"(anonymous_2)","decl":{"start":{"line":62,"column":14},"end":{"line":62,"column":15}},"loc":{"start":{"line":62,"column":40},"end":{"line":104,"column":1}},"line":62},"3":{"name":"(anonymous_3)","decl":{"start":{"line":106,"column":14},"end":{"line":106,"column":15}},"loc":{"start":{"line":106,"column":40},"end":{"line":115,"column":1}},"line":106},"4":{"name":"(anonymous_4)","decl":{"start":{"line":117,"column":22},"end":{"line":117,"column":23}},"loc":{"start":{"line":117,"column":48},"end":{"line":178,"column":1}},"line":117}},"branchMap":{"0":{"loc":{"start":{"line":15,"column":4},"end":{"line":17,"column":5}},"type":"if","locations":[{"start":{"line":15,"column":4},"end":{"line":17,"column":5}},{"start":{},"end":{}}],"line":15},"1":{"loc":{"start":{"line":15,"column":8},"end":{"line":15,"column":36}},"type":"binary-expr","locations":[{"start":{"line":15,"column":8},"end":{"line":15,"column":13}},{"start":{"line":15,"column":17},"end":{"line":15,"column":23}},{"start":{"line":15,"column":27},"end":{"line":15,"column":36}}],"line":15},"2":{"loc":{"start":{"line":19,"column":4},"end":{"line":21,"column":5}},"type":"if","locations":[{"start":{"line":19,"column":4},"end":{"line":21,"column":5}},{"start":{},"end":{}}],"line":19},"3":{"loc":{"start":{"line":19,"column":8},"end":{"line":19,"column":93}},"type":"binary-expr","locations":[{"start":{"line":19,"column":8},"end":{"line":19,"column":32}},{"start":{"line":19,"column":36},"end":{"line":19,"column":61}},{"start":{"line":19,"column":65},"end":{"line":19,"column":93}}],"line":19},"4":{"loc":{"start":{"line":23,"column":4},"end":{"line":25,"column":5}},"type":"if","locations":[{"start":{"line":23,"column":4},"end":{"line":25,"column":5}},{"start":{},"end":{}}],"line":23},"5":{"loc":{"start":{"line":27,"column":4},"end":{"line":29,"column":5}},"type":"if","locations":[{"start":{"line":27,"column":4},"end":{"line":29,"column":5}},{"start":{},"end":{}}],"line":27},"6":{"loc":{"start":{"line":32,"column":4},"end":{"line":34,"column":5}},"type":"if","locations":[{"start":{"line":32,"column":4},"end":{"line":34,"column":5}},{"start":{},"end":{}}],"line":32},"7":{"loc":{"start":{"line":66,"column":4},"end":{"line":68,"column":5}},"type":"if","locations":[{"start":{"line":66,"column":4},"end":{"line":68,"column":5}},{"start":{},"end":{}}],"line":66},"8":{"loc":{"start":{"line":66,"column":8},"end":{"line":66,"column":27}},"type":"binary-expr","locations":[{"start":{"line":66,"column":8},"end":{"line":66,"column":14}},{"start":{"line":66,"column":18},"end":{"line":66,"column":27}}],"line":66},"9":{"loc":{"start":{"line":70,"column":4},"end":{"line":72,"column":5}},"type":"if","locations":[{"start":{"line":70,"column":4},"end":{"line":72,"column":5}},{"start":{},"end":{}}],"line":70},"10":{"loc":{"start":{"line":70,"column":8},"end":{"line":70,"column":65}},"type":"binary-expr","locations":[{"start":{"line":70,"column":8},"end":{"line":70,"column":33}},{"start":{"line":70,"column":37},"end":{"line":70,"column":65}}],"line":70},"11":{"loc":{"start":{"line":75,"column":4},"end":{"line":78,"column":5}},"type":"if","locations":[{"start":{"line":75,"column":4},"end":{"line":78,"column":5}},{"start":{},"end":{}}],"line":75},"12":{"loc":{"start":{"line":81,"column":4},"end":{"line":84,"column":5}},"type":"if","locations":[{"start":{"line":81,"column":4},"end":{"line":84,"column":5}},{"start":{},"end":{}}],"line":81},"13":{"loc":{"start":{"line":121,"column":4},"end":{"line":123,"column":5}},"type":"if","locations":[{"start":{"line":121,"column":4},"end":{"line":123,"column":5}},{"start":{},"end":{}}],"line":121},"14":{"loc":{"start":{"line":121,"column":8},"end":{"line":121,"column":30}},"type":"binary-expr","locations":[{"start":{"line":121,"column":8},"end":{"line":121,"column":14}},{"start":{"line":121,"column":18},"end":{"line":121,"column":30}}],"line":121},"15":{"loc":{"start":{"line":125,"column":4},"end":{"line":127,"column":5}},"type":"if","locations":[{"start":{"line":125,"column":4},"end":{"line":127,"column":5}},{"start":{},"end":{}}],"line":125},"16":{"loc":{"start":{"line":130,"column":4},"end":{"line":132,"column":5}},"type":"if","locations":[{"start":{"line":130,"column":4},"end":{"line":132,"column":5}},{"start":{},"end":{}}],"line":130},"17":{"loc":{"start":{"line":135,"column":4},"end":{"line":137,"column":5}},"type":"if","locations":[{"start":{"line":135,"column":4},"end":{"line":137,"column":5}},{"start":{},"end":{}}],"line":135},"18":{"loc":{"start":{"line":139,"column":4},"end":{"line":152,"column":5}},"type":"if","locations":[{"start":{"line":139,"column":4},"end":{"line":152,"column":5}},{"start":{},"end":{}}],"line":139},"19":{"loc":{"start":{"line":140,"column":6},"end":{"line":142,"column":7}},"type":"if","locations":[{"start":{"line":140,"column":6},"end":{"line":142,"column":7}},{"start":{},"end":{}}],"line":140},"20":{"loc":{"start":{"line":140,"column":10},"end":{"line":140,"column":59}},"type":"binary-expr","locations":[{"start":{"line":140,"column":10},"end":{"line":140,"column":35}},{"start":{"line":140,"column":39},"end":{"line":140,"column":59}}],"line":140},"21":{"loc":{"start":{"line":145,"column":6},"end":{"line":151,"column":7}},"type":"if","locations":[{"start":{"line":145,"column":6},"end":{"line":151,"column":7}},{"start":{},"end":{}}],"line":145},"22":{"loc":{"start":{"line":147,"column":8},"end":{"line":149,"column":9}},"type":"if","locations":[{"start":{"line":147,"column":8},"end":{"line":149,"column":9}},{"start":{},"end":{}}],"line":147},"23":{"loc":{"start":{"line":154,"column":4},"end":{"line":159,"column":5}},"type":"if","locations":[{"start":{"line":154,"column":4},"end":{"line":159,"column":5}},{"start":{},"end":{}}],"line":154},"24":{"loc":{"start":{"line":155,"column":6},"end":{"line":157,"column":7}},"type":"if","locations":[{"start":{"line":155,"column":6},"end":{"line":157,"column":7}},{"start":{},"end":{}}],"line":155},"25":{"loc":{"start":{"line":155,"column":10},"end":{"line":155,"column":67}},"type":"binary-expr","locations":[{"start":{"line":155,"column":10},"end":{"line":155,"column":41}},{"start":{"line":155,"column":45},"end":{"line":155,"column":67}}],"line":155}},"s":{"0":0,"1":0,"2":0,"3":0,"4":0,"5":0,"6":0,"7":0,"8":0,"9":0,"10":0,"11":0,"12":0,"13":0,"14":0,"15":0,"16":0,"17":0,"18":0,"19":0,"20":0,"21":0,"22":0,"23":0,"24":0,"25":0,"26":0,"27":0,"28":0,"29":0,"30":0,"31":0,"32":0,"33":0,"34":0,"35":0,"36":0,"37":0,"38":0,"39":0,"40":0,"41":0,"42":0,"43":0,"44":0,"45":0,"46":0,"47":0,"48":0,"49":0,"50":0,"51":0,"52":0,"53":0,"54":0,"55":0,"56":0,"57":0,"58":0,"59":0,"60":0,"61":0,"62":0,"63":0,"64":0,"65":0,"66":0,"67":0,"68":0,"69":0,"70":0,"71":0,"72":0,"73":0,"74":0,"75":0,"76":0,"77":0,"78":0,"79":0},"f":{"0":0,"1":0,"2":0,"3":0,"4":0},"b":{"0":[0,0],"1":[0,0,0],"2":[0,0],"3":[0,0,0],"4":[0,0],"5":[0,0],"6":[0,0],"7":[0,0],"8":[0,0],"9":[0,0],"10":[0,0],"11":[0,0],"12":[0,0],"13":[0,0],"14":[0,0],"15":[0,0],"16":[0,0],"17":[0,0],"18":[0,0],"19":[0,0],"20":[0,0],"21":[0,0],"22":[0,0],"23":[0,0],"24":[0,0],"25":[0,0]},"all":true},"D:\\10Pearls Internship\\NotesApp\\cohort-9-mern-12302-ahmad\\backend\\src\\config\\logger.js":{"path":"D:\\10Pearls Internship\\NotesApp\\cohort-9-mern-12302-ahmad\\backend\\src\\config\\logger.js","statementMap":{"0":{"start":{"line":1,"column":13},"end":{"line":1,"column":28}},"1":{"start":{"line":3,"column":22},"end":{"line":3,"column":59}},"2":{"start":{"line":5,"column":15},"end":{"line":17,"column":2}},"3":{"start":{"line":19,"column":0},"end":{"line":19,"column":24}}},"fnMap":{},"branchMap":{"0":{"loc":{"start":{"line":6,"column":9},"end":{"line":6,"column":40}},"type":"binary-expr","locations":[{"start":{"line":6,"column":9},"end":{"line":6,"column":30}},{"start":{"line":6,"column":34},"end":{"line":6,"column":40}}],"line":6},"1":{"loc":{"start":{"line":7,"column":13},"end":{"line":16,"column":15}},"type":"cond-expr","locations":[{"start":{"line":8,"column":6},"end":{"line":15,"column":7}},{"start":{"line":16,"column":6},"end":{"line":16,"column":15}}],"line":7}},"s":{"0":0,"1":0,"2":0,"3":0},"f":{},"b":{"0":[0,0],"1":[0,0]},"all":true},"D:\\10Pearls Internship\\NotesApp\\cohort-9-mern-12302-ahmad\\backend\\src\\config\\db.js":{"path":"D:\\10Pearls Internship\\NotesApp\\cohort-9-mern-12302-ahmad\\backend\\src\\config\\db.js","statementMap":{"0":{"start":{"line":1,"column":0},"end":{"line":1,"column":27}},"1":{"start":{"line":2,"column":22},"end":{"line":2,"column":42}},"2":{"start":{"line":3,"column":15},"end":{"line":3,"column":34}},"3":{"start":{"line":5,"column":15},"end":{"line":5,"column":34}},"4":{"start":{"line":6,"column":15},"end":{"line":6,"column":34}},"5":{"start":{"line":7,"column":19},"end":{"line":7,"column":48}},"6":{"start":{"line":8,"column":15},"end":{"line":8,"column":49}},"7":{"start":{"line":9,"column":15},"end":{"line":9,"column":42}},"8":{"start":{"line":11,"column":0},"end":{"line":13,"column":1}},"9":{"start":{"line":12,"column":2},"end":{"line":12,"column":85}},"10":{"start":{"line":15,"column":18},"end":{"line":24,"column":2}},"11":{"start":{"line":19,"column":20},"end":{"line":19,"column":37}},"12":{"start":{"line":26,"column":18},"end":{"line":34,"column":1}},"13":{"start":{"line":27,"column":2},"end":{"line":33,"column":3}},"14":{"start":{"line":28,"column":4},"end":{"line":28,"column":35}},"15":{"start":{"line":29,"column":4},"end":{"line":29,"column":94}},"16":{"start":{"line":31,"column":4},"end":{"line":31,"column":72}},"17":{"start":{"line":32,"column":4},"end":{"line":32,"column":16}},"18":{"start":{"line":36,"column":0},"end":{"line":39,"column":2}}},"fnMap":{"0":{"name":"(anonymous_0)","decl":{"start":{"line":19,"column":11},"end":{"line":19,"column":12}},"loc":{"start":{"line":19,"column":20},"end":{"line":19,"column":37}},"line":19},"1":{"name":"(anonymous_1)","decl":{"start":{"line":26,"column":18},"end":{"line":26,"column":19}},"loc":{"start":{"line":26,"column":30},"end":{"line":34,"column":1}},"line":26}},"branchMap":{"0":{"loc":{"start":{"line":7,"column":19},"end":{"line":7,"column":48}},"type":"binary-expr","locations":[{"start":{"line":7,"column":19},"end":{"line":7,"column":42}},{"start":{"line":7,"column":46},"end":{"line":7,"column":48}}],"line":7},"1":{"loc":{"start":{"line":8,"column":15},"end":{"line":8,"column":49}},"type":"binary-expr","locations":[{"start":{"line":8,"column":15},"end":{"line":8,"column":34}},{"start":{"line":8,"column":38},"end":{"line":8,"column":49}}],"line":8},"2":{"loc":{"start":{"line":9,"column":15},"end":{"line":9,"column":42}},"type":"binary-expr","locations":[{"start":{"line":9,"column":15},"end":{"line":9,"column":34}},{"start":{"line":9,"column":38},"end":{"line":9,"column":42}}],"line":9},"3":{"loc":{"start":{"line":11,"column":0},"end":{"line":13,"column":1}},"type":"if","locations":[{"start":{"line":11,"column":0},"end":{"line":13,"column":1}},{"start":{},"end":{}}],"line":11},"4":{"loc":{"start":{"line":11,"column":4},"end":{"line":11,"column":22}},"type":"binary-expr","locations":[{"start":{"line":11,"column":4},"end":{"line":11,"column":11}},{"start":{"line":11,"column":15},"end":{"line":11,"column":22}}],"line":11}},"s":{"0":0,"1":0,"2":0,"3":0,"4":0,"5":0,"6":0,"7":0,"8":0,"9":0,"10":0,"11":0,"12":0,"13":0,"14":0,"15":0,"16":0,"17":0,"18":0},"f":{"0":0,"1":0},"b":{"0":[0,0],"1":[0,0],"2":[0,0],"3":[0,0],"4":[0,0]},"all":true}}